npm warn Unknown env config "python". This will stop working in the next major version of npm.

> modern-navigation@1.0.0 start
> node server.js

node:internal/modules/cjs/loader:1210
  throw err;
  ^

Error: Cannot find module 'express'
Require stack:
- /home/engine/project/server.js
    at Module._resolveFilename (node:internal/modules/cjs/loader:1207:15)
    at Module._load (node:internal/modules/cjs/loader:1038:27)
    at Module.require (node:internal/modules/cjs/loader:1289:19)
    at require (node:internal/modules/helpers:182:18)
    at Object.<anonymous> (/home/engine/project/server.js:1:17)
    at Module._compile (node:internal/modules/cjs/loader:1521:14)
    at Module._extensions..js (node:internal/modules/cjs/loader:1623:10)
    at Module.load (node:internal/modules/cjs/loader:1266:32)
    at Module._load (node:internal/modules/cjs/loader:1091:12)
    at Function.executeUserEntryPoint [as runMain] (node:internal/modules/run_main:164:12) {
  code: 'MODULE_NOT_FOUND',
  requireStack: [ '/home/engine/project/server.js' ]
}

Node.js v20.19.5
